2015-10-19 14:58:26,454 INFO - ---------------Started
2015-10-19 14:58:26,454 INFO - Connecting to MQTT Broker chimera
2015-10-19 14:58:26,455 INFO - Populating the sensor's list
2015-10-19 14:58:26,488 INFO - Connected with result code 0, subscribing to command topic entry_sensors/getUpdate
2015-10-19 14:59:03,929 INFO - ---------------Started
2015-10-19 14:59:03,930 INFO - Connecting to MQTT Broker chimera
2015-10-19 14:59:03,931 INFO - Populating the sensor's list
2015-10-19 14:59:03,966 INFO - Connected with result code 0, subscribing to command topic entry_sensors/getUpdate
2015-10-19 15:02:00,120 INFO - ---------------Started
2015-10-19 15:02:00,120 INFO - Connecting to MQTT Broker chimera
2015-10-19 15:02:00,121 INFO - Connected with result code 0, subscribing to command topic entry_sensors/getUpdate
2015-10-19 15:02:00,121 INFO - Populating the sensor's list
2015-10-19 15:12:18,696 INFO - ---------------Started
2015-10-19 15:12:18,697 INFO - Connecting to MQTT Broker chimera
2015-10-19 15:12:18,698 INFO - Populating the sensor's list
2015-10-19 15:12:18,698 INFO - Connected with result code 0, subscribing to command topic entry_sensors/getUpdate
2015-10-19 15:14:40,601 INFO - ---------------Started
2015-10-19 15:14:40,602 INFO - Connecting to MQTT Broker chimera
2015-10-19 15:14:40,603 INFO - Populating the sensor's list
2015-10-19 15:14:40,603 INFO - ----------Configuring BluetoothSensor: Address = F8:F1:B6:3C:4A:FA Topic = presence_sensors/bluetooth/chimeraRich
2015-10-19 15:14:40,604 INFO - Connected with result code 0, subscribing to command topic entry_sensors/getUpdate
2015-10-19 15:16:29,683 INFO - ---------------Started
2015-10-19 15:16:29,683 INFO - Connecting to MQTT Broker chimera
2015-10-19 15:16:29,684 INFO - Populating the sensor's list
2015-10-19 15:16:29,685 INFO - ----------Configuring BluetoothSensor: Address = F8:F1:B6:3C:4A:FA Topic = presence_sensors/bluetooth/chimeraRich
2015-10-19 15:16:29,685 INFO - Connected with result code 0, subscribing to command topic entry_sensors/getUpdate
2015-10-19 15:16:34,825 INFO - Published update to address F8:F1:B6:3C:4A:FA to OFF on presence_sensors/bluetooth/chimeraRich
2015-10-19 15:16:34,825 INFO - ----------Configuring BluetoothSensor: Address = 8C:29:37:0F:FC:85 Topic = presence_sensors/bluetooth/chimeraJenn
2015-10-19 15:16:35,834 INFO - Published update to address 8C:29:37:0F:FC:85 to ON on presence_sensors/bluetooth/chimeraJenn
2015-10-19 15:16:37,932 INFO - Published update to address 8C:29:37:0F:FC:85 to OFF on presence_sensors/bluetooth/chimeraJenn
2015-10-19 15:16:47,534 INFO - Published update to address 8C:29:37:0F:FC:85 to ON on presence_sensors/bluetooth/chimeraJenn
2015-10-19 15:17:09,440 INFO - Published update to address 8C:29:37:0F:FC:85 to OFF on presence_sensors/bluetooth/chimeraJenn
2015-10-19 15:17:21,997 INFO - Published update to address 8C:29:37:0F:FC:85 to ON on presence_sensors/bluetooth/chimeraJenn
2015-10-19 15:17:37,989 INFO - Published update to address 8C:29:37:0F:FC:85 to OFF on presence_sensors/bluetooth/chimeraJenn
2015-10-19 15:17:46,322 INFO - Published update to address 8C:29:37:0F:FC:85 to ON on presence_sensors/bluetooth/chimeraJenn
2015-10-19 15:18:08,016 INFO - Published update to address 8C:29:37:0F:FC:85 to OFF on presence_sensors/bluetooth/chimeraJenn
2015-10-19 15:18:16,585 INFO - Published update to address 8C:29:37:0F:FC:85 to ON on presence_sensors/bluetooth/chimeraJenn
2015-10-19 15:18:33,490 INFO - Published update to address 8C:29:37:0F:FC:85 to OFF on presence_sensors/bluetooth/chimeraJenn
2015-10-19 15:59:20,944 WARNING - Terminiating the program
2015-10-19 15:59:20,944 INFO - Successfully disconnected from the MQTT server
2015-10-19 16:01:00,600 INFO - ---------------Started
2015-10-19 16:01:00,600 INFO - Connecting to MQTT Broker chimera
2015-10-19 16:01:00,601 INFO - Populating the sensor's list
2015-10-19 16:01:00,601 INFO - Connected with result code 0, subscribing to command topic entry_sensors/getUpdate
2015-10-19 16:01:00,601 INFO - ----------Configuring BluetoothSensor: Address = F8:F1:B6:3C:4A:FA Topic = presence_sensors/bluetooth/chimeraRich
2015-10-19 16:01:00,604 INFO - Published update to address F8:F1:B6:3C:4A:FA to OFF on presence_sensors/bluetooth/chimeraRich
2015-10-19 16:01:00,604 INFO - ----------Configuring BluetoothSensor: Address = 8C:29:37:0F:FC:85 Topic = presence_sensors/bluetooth/chimeraJenn
2015-10-19 16:01:00,608 INFO - Published update to address 8C:29:37:0F:FC:85 to OFF on presence_sensors/bluetooth/chimeraJenn
2015-10-19 16:01:09,909 WARNING - Terminiating the program
2015-10-19 16:01:09,910 INFO - Successfully disconnected from the MQTT server
2015-10-19 16:06:37,519 INFO - ---------------Started
2015-10-19 16:06:37,519 INFO - Connecting to MQTT Broker chimera
2015-10-19 16:06:37,520 INFO - Populating the sensor's list
2015-10-19 16:06:37,520 INFO - Connected with result code 0, subscribing to command topic entry_sensors/getUpdate
2015-10-19 16:06:37,521 INFO - ----------Configuring BluetoothSensor: Address = F8:F1:B6:3C:4A:FA Topic = presence_sensors/bluetooth/chimeraRich
2015-10-19 16:06:37,523 INFO - Published update to address F8:F1:B6:3C:4A:FA to OFF on presence_sensors/bluetooth/chimeraRich
2015-10-19 16:06:37,524 INFO - ----------Configuring BluetoothSensor: Address = 8C:29:37:0F:FC:85 Topic = presence_sensors/bluetooth/chimeraJenn
2015-10-19 16:06:37,527 INFO - Published update to address 8C:29:37:0F:FC:85 to OFF on presence_sensors/bluetooth/chimeraJenn
2015-10-19 16:06:54,121 WARNING - Terminiating the program
2015-10-19 16:06:54,122 INFO - Successfully disconnected from the MQTT server
